{"numFailedTestSuites":0,"numFailedTests":0,"numPassedTestSuites":3,"numPassedTests":6,"numPendingTestSuites":0,"numPendingTests":0,"numRuntimeErrorTestSuites":0,"numTodoTests":0,"numTotalTestSuites":3,"numTotalTests":6,"openHandles":[],"snapshot":{"added":0,"didUpdate":false,"failure":false,"filesAdded":0,"filesRemoved":0,"filesRemovedList":[],"filesUnmatched":0,"filesUpdated":0,"matched":6,"total":6,"unchecked":0,"uncheckedKeysByFile":[],"unmatched":0,"updated":0},"startTime":1594442608535,"success":true,"testResults":[{"assertionResults":[{"ancestorTitles":[],"failureMessages":[],"fullName":"match snapshot","location":null,"status":"passed","title":"match snapshot"}],"endTime":1594442613989,"message":"","name":"/Users/jmd/Code/Smart Reef/Open Source/storybook/src/components/styleguide/swatch/swatch.test.js","startTime":1594442610263,"status":"passed","summary":""},{"assertionResults":[{"ancestorTitles":[],"failureMessages":[],"fullName":"match snapshot","location":null,"status":"passed","title":"match snapshot"}],"endTime":1594442613997,"message":"","name":"/Users/jmd/Code/Smart Reef/Open Source/storybook/src/components/styleguide/typography/typography.test.js","startTime":1594442610321,"status":"passed","summary":""},{"assertionResults":[{"ancestorTitles":["Storyshots","Components/Buttons/Button"],"failureMessages":[],"fullName":"Storyshots Components/Buttons/Button Emoji","location":null,"status":"passed","title":"Emoji"},{"ancestorTitles":["Storyshots","Components/Styleguide/Colours"],"failureMessages":[],"fullName":"Storyshots Components/Styleguide/Colours Swatch","location":null,"status":"passed","title":"Swatch"},{"ancestorTitles":["Storyshots","Components/Styleguide/Typography Block"],"failureMessages":[],"fullName":"Storyshots Components/Styleguide/Typography Block Block","location":null,"status":"passed","title":"Block"},{"ancestorTitles":["Storyshots","Elements/Button"],"failureMessages":[],"fullName":"Storyshots Elements/Button Text","location":null,"status":"passed","title":"Text"}],"endTime":1594442619455,"message":"","name":"/Users/jmd/Code/Smart Reef/Open Source/storybook/tests/storybook.test.js","startTime":1594442610265,"status":"passed","summary":""}],"wasInterrupted":false}